{"C:\\Users\\Grace\\Documents\\module 2\\Todo-list\\src\\modules\\tasks.js": {"path":"C:\\Users\\Grace\\Documents\\module 2\\Todo-list\\src\\modules\\tasks.js","statementMap":{"0":{"start":{"line":1,"column":21},"end":{"line":11,"column":5}},"1":{"start":{"line":4,"column":8},"end":{"line":8,"column":9}},"2":{"start":{"line":5,"column":12},"end":{"line":5,"column":23}},"3":{"start":{"line":7,"column":12},"end":{"line":7,"column":61}},"4":{"start":{"line":10,"column":8},"end":{"line":10,"column":21}},"5":{"start":{"line":15,"column":20},"end":{"line":51,"column":5}},"6":{"start":{"line":16,"column":24},"end":{"line":16,"column":65}},"7":{"start":{"line":18,"column":23},"end":{"line":18,"column":51}},"8":{"start":{"line":20,"column":6},"end":{"line":20,"column":51}},"9":{"start":{"line":21,"column":6},"end":{"line":21,"column":53}},"10":{"start":{"line":23,"column":6},"end":{"line":30,"column":10}},"11":{"start":{"line":32,"column":8},"end":{"line":32,"column":63}},"12":{"start":{"line":34,"column":26},"end":{"line":34,"column":66}},"13":{"start":{"line":35,"column":20},"end":{"line":35,"column":30}},"14":{"start":{"line":36,"column":8},"end":{"line":45,"column":10}},"15":{"start":{"line":37,"column":10},"end":{"line":44,"column":12}},"16":{"start":{"line":38,"column":27},"end":{"line":38,"column":49}},"17":{"start":{"line":39,"column":23},"end":{"line":39,"column":64}},"18":{"start":{"line":40,"column":12},"end":{"line":40,"column":25}},"19":{"start":{"line":41,"column":12},"end":{"line":41,"column":78}},"20":{"start":{"line":42,"column":12},"end":{"line":42,"column":25}},"21":{"start":{"line":43,"column":12},"end":{"line":43,"column":65}},"22":{"start":{"line":46,"column":31},"end":{"line":46,"column":64}},"23":{"start":{"line":47,"column":9},"end":{"line":49,"column":10}},"24":{"start":{"line":48,"column":11},"end":{"line":48,"column":44}},"25":{"start":{"line":53,"column":19},"end":{"line":75,"column":1}},"26":{"start":{"line":54,"column":19},"end":{"line":54,"column":29}},"27":{"start":{"line":55,"column":8},"end":{"line":74,"column":7}},"28":{"start":{"line":56,"column":6},"end":{"line":73,"column":9}},"29":{"start":{"line":57,"column":25},"end":{"line":57,"column":45}},"30":{"start":{"line":58,"column":8},"end":{"line":58,"column":45}},"31":{"start":{"line":59,"column":8},"end":{"line":59,"column":38}},"32":{"start":{"line":60,"column":29},"end":{"line":60,"column":66}},"33":{"start":{"line":61,"column":8},"end":{"line":61,"column":45}},"34":{"start":{"line":62,"column":8},"end":{"line":72,"column":10}},"35":{"start":{"line":63,"column":12},"end":{"line":63,"column":30}},"36":{"start":{"line":64,"column":12},"end":{"line":64,"column":43}},"37":{"start":{"line":65,"column":26},"end":{"line":65,"column":51}},"38":{"start":{"line":66,"column":12},"end":{"line":66,"column":65}},"39":{"start":{"line":66,"column":43},"end":{"line":66,"column":63}},"40":{"start":{"line":67,"column":12},"end":{"line":69,"column":15}},"41":{"start":{"line":68,"column":14},"end":{"line":68,"column":33}},"42":{"start":{"line":70,"column":12},"end":{"line":70,"column":65}},"43":{"start":{"line":71,"column":12},"end":{"line":71,"column":37}}},"fnMap":{"0":{"name":"(anonymous_0)","decl":{"start":{"line":1,"column":21},"end":{"line":1,"column":22}},"loc":{"start":{"line":1,"column":27},"end":{"line":11,"column":5}},"line":1},"1":{"name":"(anonymous_1)","decl":{"start":{"line":15,"column":20},"end":{"line":15,"column":21}},"loc":{"start":{"line":15,"column":30},"end":{"line":51,"column":5}},"line":15},"2":{"name":"(anonymous_2)","decl":{"start":{"line":36,"column":26},"end":{"line":36,"column":27}},"loc":{"start":{"line":36,"column":37},"end":{"line":45,"column":9}},"line":36},"3":{"name":"(anonymous_3)","decl":{"start":{"line":37,"column":42},"end":{"line":37,"column":43}},"loc":{"start":{"line":37,"column":46},"end":{"line":44,"column":11}},"line":37},"4":{"name":"(anonymous_4)","decl":{"start":{"line":53,"column":19},"end":{"line":53,"column":20}},"loc":{"start":{"line":53,"column":25},"end":{"line":75,"column":1}},"line":53},"5":{"name":"(anonymous_5)","decl":{"start":{"line":55,"column":55},"end":{"line":55,"column":56}},"loc":{"start":{"line":55,"column":67},"end":{"line":74,"column":5}},"line":55},"6":{"name":"(anonymous_6)","decl":{"start":{"line":56,"column":39},"end":{"line":56,"column":40}},"loc":{"start":{"line":56,"column":45},"end":{"line":73,"column":7}},"line":56},"7":{"name":"(anonymous_7)","decl":{"start":{"line":62,"column":47},"end":{"line":62,"column":48}},"loc":{"start":{"line":62,"column":53},"end":{"line":72,"column":9}},"line":62},"8":{"name":"(anonymous_8)","decl":{"start":{"line":66,"column":33},"end":{"line":66,"column":34}},"loc":{"start":{"line":66,"column":43},"end":{"line":66,"column":63}},"line":66},"9":{"name":"(anonymous_9)","decl":{"start":{"line":67,"column":26},"end":{"line":67,"column":27}},"loc":{"start":{"line":67,"column":39},"end":{"line":69,"column":13}},"line":67}},"branchMap":{"0":{"loc":{"start":{"line":4,"column":8},"end":{"line":8,"column":9}},"type":"if","locations":[{"start":{"line":4,"column":8},"end":{"line":8,"column":9}},{"start":{"line":6,"column":13},"end":{"line":8,"column":9}}],"line":4},"1":{"loc":{"start":{"line":47,"column":9},"end":{"line":49,"column":10}},"type":"if","locations":[{"start":{"line":47,"column":9},"end":{"line":49,"column":10}},{"start":{},"end":{}}],"line":47}},"s":{"0":1,"1":2,"2":2,"3":0,"4":2,"5":1,"6":2,"7":2,"8":2,"9":2,"10":2,"11":2,"12":2,"13":2,"14":2,"15":2,"16":0,"17":0,"18":0,"19":0,"20":0,"21":0,"22":2,"23":2,"24":0,"25":1,"26":0,"27":0,"28":0,"29":0,"30":0,"31":0,"32":0,"33":0,"34":0,"35":0,"36":0,"37":0,"38":0,"39":0,"40":0,"41":0,"42":0,"43":0},"f":{"0":2,"1":2,"2":2,"3":0,"4":0,"5":0,"6":0,"7":0,"8":0,"9":0},"b":{"0":[2,0],"1":[0,2]},"_coverageSchema":"1a1c01bbd47fc00a2c39e90264f33305004495a9","hash":"f6e4b6c8d9194b593613beb4302e3f4bddc210c5"}
}
